app/build/outputs/logs/manifest-merger-release-report.txt
-- Merging decision tree log ---
manifest
ADDED from src\main\AndroidManifest.xml:2:1-119:12
	xmlns:android
		ADDED from src\main\AndroidManifest.xml:2:11-69
	package
		ADDED from src\main\AndroidManifest.xml:3:5-32
		INJECTED from src\main\AndroidManifest.xml
		INJECTED from src\main\AndroidManifest.xml
	android:versionName
		ADDED from src\main\AndroidManifest.xml:5:5-30
	android:versionCode
		ADDED from src\main\AndroidManifest.xml:4:5-28
		INJECTED from src\main\AndroidManifest.xml
		INJECTED from src\main\AndroidManifest.xml
supports-screens
ADDED from src\main\AndroidManifest.xml:10:5-15:39
	android:resizeable
		ADDED from src\main\AndroidManifest.xml:14:9-34
	android:largeScreens
		ADDED from src\main\AndroidManifest.xml:12:9-36
	android:anyDensity
		ADDED from src\main\AndroidManifest.xml:11:9-34
	android:normalScreens
		ADDED from src\main\AndroidManifest.xml:13:9-37
	android:smallScreens
		ADDED from src\main\AndroidManifest.xml:15:9-36
uses-sdk
ADDED from src\main\AndroidManifest.xml:17:5-18:16
MERGED from [com.android.support:support-v4:20.0.0] AndroidManifest.xml:16:5-42
	android:targetSdkVersion
		INJECTED from src\main\AndroidManifest.xml
		INJECTED from src\main\AndroidManifest.xml
	android:minSdkVersion
		ADDED from src\main\AndroidManifest.xml:17:15-41
		INJECTED from src\main\AndroidManifest.xml
		INJECTED from src\main\AndroidManifest.xml
uses-permission#android.permission.ACCESS_NETWORK_STATE
ADDED from src\main\AndroidManifest.xml:21:5-22:23
	android:name
		ADDED from src\main\AndroidManifest.xml:21:22-76
uses-permission#android.permission.INTERNET
ADDED from src\main\AndroidManifest.xml:23:5-24:23
	android:name
		ADDED from src\main\AndroidManifest.xml:23:22-64
uses-permission#android.permission.ACCESS_WIFI_STATE
ADDED from src\main\AndroidManifest.xml:25:5-26:23
	android:name
		ADDED from src\main\AndroidManifest.xml:25:22-73
uses-permission#android.permission.CHANGE_WIFI_STATE
ADDED from src\main\AndroidManifest.xml:27:5-28:23
	android:name
		ADDED from src\main\AndroidManifest.xml:27:22-73
uses-permission#android.permission.WRITE_EXTERNAL_STORAGE
ADDED from src\main\AndroidManifest.xml:29:5-81
	android:name
		ADDED from src\main\AndroidManifest.xml:29:22-78
uses-permission#android.permission.CHANGE_NETWORK_STATE
ADDED from src\main\AndroidManifest.xml:30:2-76
	android:name
		ADDED from src\main\AndroidManifest.xml:30:19-73
uses-permission#android.permission.READ_PHONE_STATE
ADDED from src\main\AndroidManifest.xml:36:5-37:23
	android:name
		ADDED from src\main\AndroidManifest.xml:36:22-72
uses-permission#android.permission.CALL_PHONE
ADDED from src\main\AndroidManifest.xml:38:5-39:23
	android:name
		ADDED from src\main\AndroidManifest.xml:38:22-66
uses-permission#android.permission.ACCESS_FINE_LOCATION
ADDED from src\main\AndroidManifest.xml:41:5-42:23
	android:name
		ADDED from src\main\AndroidManifest.xml:41:22-76
uses-permission#android.permission.ACCESS_COARSE_LOCATION
ADDED from src\main\AndroidManifest.xml:43:5-44:23
	android:name
		ADDED from src\main\AndroidManifest.xml:43:22-78
permission#android.permission.BAIDU_LOCATION_SERVICE
ADDED from src\main\AndroidManifest.xml:46:5-47:18
	android:name
		ADDED from src\main\AndroidManifest.xml:46:17-73
uses-permission#android.permission.BAIDU_LOCATION_SERVICE
ADDED from src\main\AndroidManifest.xml:49:5-50:23
	android:name
		ADDED from src\main\AndroidManifest.xml:49:22-78
uses-permission#android.permission.ACCESS_MOCK_LOCATION
ADDED from src\main\AndroidManifest.xml:51:5-52:23
	android:name
		ADDED from src\main\AndroidManifest.xml:51:22-76
uses-permission#android.permission.ACCESS_GPS
ADDED from src\main\AndroidManifest.xml:53:5-69
	android:name
		ADDED from src\main\AndroidManifest.xml:53:22-66
uses-permission#android.permission.VIBRATE
ADDED from src\main\AndroidManifest.xml:61:5-82
	android:name
		ADDED from src\main\AndroidManifest.xml:61:22-63
uses-permission#android.permission.SYSTEM_ALERT_WINDOW
ADDED from src\main\AndroidManifest.xml:63:5-78
	android:name
		ADDED from src\main\AndroidManifest.xml:63:22-75
application
ADDED from src\main\AndroidManifest.xml:64:5-117:19
MERGED from [com.android.support:support-v4:20.0.0] AndroidManifest.xml:17:5-19
	android:label
		ADDED from src\main\AndroidManifest.xml:66:9-41
	android:icon
		ADDED from src\main\AndroidManifest.xml:65:9-42
meta-data#com.baidu.lbsapi.API_KEY
ADDED from src\main\AndroidManifest.xml:67:9-69:56
	android:name
		ADDED from src\main\AndroidManifest.xml:68:13-52
	android:value
		ADDED from src\main\AndroidManifest.xml:69:13-53
activity#com.mobile.appPre.AnimationActivity
ADDED from src\main\AndroidManifest.xml:70:9-78:20
	android:screenOrientation
		ADDED from src\main\AndroidManifest.xml:72:64-100
	android:label
		ADDED from src\main\AndroidManifest.xml:71:13-45
	android:name
		ADDED from src\main\AndroidManifest.xml:72:13-63
intent-filter#android.intent.action.MAIN+android.intent.category.LAUNCHER
ADDED from src\main\AndroidManifest.xml:73:13-77:29
action#android.intent.action.MAIN
ADDED from src\main\AndroidManifest.xml:74:17-69
	android:name
		ADDED from src\main\AndroidManifest.xml:74:25-66
category#android.intent.category.LAUNCHER
ADDED from src\main\AndroidManifest.xml:76:17-77
	android:name
		ADDED from src\main\AndroidManifest.xml:76:27-74
activity#com.mobile.appPre.LoginActivity
ADDED from src\main\AndroidManifest.xml:79:9-105
	android:screenOrientation
		ADDED from src\main\AndroidManifest.xml:79:67-103
	android:name
		ADDED from src\main\AndroidManifest.xml:79:19-65
activity#com.mobile.appPre.SiteList
ADDED from src\main\AndroidManifest.xml:80:9-100
	android:screenOrientation
		ADDED from src\main\AndroidManifest.xml:80:62-98
	android:name
		ADDED from src\main\AndroidManifest.xml:80:19-60
activity#com.mobile.appPre.SiteTabHost
ADDED from src\main\AndroidManifest.xml:81:9-102
	android:screenOrientation
		ADDED from src\main\AndroidManifest.xml:81:64-100
	android:name
		ADDED from src\main\AndroidManifest.xml:81:19-63
activity#com.mobile.appPre.ScientificData
ADDED from src\main\AndroidManifest.xml:82:9-105
	android:screenOrientation
		ADDED from src\main\AndroidManifest.xml:82:67-103
	android:name
		ADDED from src\main\AndroidManifest.xml:82:19-66
activity#com.mobile.appPre.NewMainactivity
ADDED from src\main\AndroidManifest.xml:83:9-107
	android:screenOrientation
		ADDED from src\main\AndroidManifest.xml:83:69-105
	android:name
		ADDED from src\main\AndroidManifest.xml:83:19-67
activity#com.mobile.appPre.HomeActivity
ADDED from src\main\AndroidManifest.xml:84:9-103
	android:screenOrientation
		ADDED from src\main\AndroidManifest.xml:84:65-101
	android:name
		ADDED from src\main\AndroidManifest.xml:84:19-64
activity#com.mobile.appPre.ChartDemo
ADDED from src\main\AndroidManifest.xml:85:9-100
	android:screenOrientation
		ADDED from src\main\AndroidManifest.xml:85:62-98
	android:name
		ADDED from src\main\AndroidManifest.xml:85:19-61
activity#org.achartengine.chartdemo.demo.chart.XYChartBuilder
ADDED from src\main\AndroidManifest.xml:86:9-88
	android:name
		ADDED from src\main\AndroidManifest.xml:86:19-86
activity#org.achartengine.GraphicalActivity
ADDED from src\main\AndroidManifest.xml:87:9-71
	android:name
		ADDED from src\main\AndroidManifest.xml:87:19-68
activity#com.mobile.appPre.GeneratedChartDemo
ADDED from src\main\AndroidManifest.xml:88:3-67
	android:name
		ADDED from src\main\AndroidManifest.xml:88:13-64
activity#com.mobile.appPre.NewSettingActivity
ADDED from src\main\AndroidManifest.xml:89:3-103
	android:screenOrientation
		ADDED from src\main\AndroidManifest.xml:89:65-101
	android:name
		ADDED from src\main\AndroidManifest.xml:89:13-64
activity#com.mobile.appPre.PshowActivity
ADDED from src\main\AndroidManifest.xml:90:3-98
	android:screenOrientation
		ADDED from src\main\AndroidManifest.xml:90:60-96
	android:name
		ADDED from src\main\AndroidManifest.xml:90:13-59
activity#com.mobile.appPre.ViewPagerActivity
ADDED from src\main\AndroidManifest.xml:91:3-102
	android:screenOrientation
		ADDED from src\main\AndroidManifest.xml:91:64-100
	android:name
		ADDED from src\main\AndroidManifest.xml:91:13-63
activity#com.mobile.appPre.MapActivity
ADDED from src\main\AndroidManifest.xml:92:3-97
	android:screenOrientation
		ADDED from src\main\AndroidManifest.xml:92:58-94
	android:name
		ADDED from src\main\AndroidManifest.xml:92:13-57
activity#com.mobile.appPre.Test
ADDED from src\main\AndroidManifest.xml:93:3-90
	android:screenOrientation
		ADDED from src\main\AndroidManifest.xml:93:51-87
	android:name
		ADDED from src\main\AndroidManifest.xml:93:13-50
activity#com.mobile.appPre.sms.WarnSetActivityame
ADDED from src\main\AndroidManifest.xml:94:3-108
	android:screenOrientation
		ADDED from src\main\AndroidManifest.xml:94:69-105
	android:name
		ADDED from src\main\AndroidManifest.xml:94:13-68
activity#com.mobile.appPre.sms.WarnSetActivity
ADDED from src\main\AndroidManifest.xml:95:3-105
	android:screenOrientation
		ADDED from src\main\AndroidManifest.xml:95:66-102
	android:name
		ADDED from src\main\AndroidManifest.xml:95:13-65
activity#com.mobile.appPre.sms.MrtxActivity
ADDED from src\main\AndroidManifest.xml:96:3-102
	android:screenOrientation
		ADDED from src\main\AndroidManifest.xml:96:63-99
	android:name
		ADDED from src\main\AndroidManifest.xml:96:13-62
activity#com.mobile.appPre.sms.HsyjActivity
ADDED from src\main\AndroidManifest.xml:97:3-102
	android:screenOrientation
		ADDED from src\main\AndroidManifest.xml:97:63-99
	android:name
		ADDED from src\main\AndroidManifest.xml:97:13-62
activity#com.mobile.appPre.sms.QsbjActivity
ADDED from src\main\AndroidManifest.xml:98:3-102
	android:screenOrientation
		ADDED from src\main\AndroidManifest.xml:98:63-99
	android:name
		ADDED from src\main\AndroidManifest.xml:98:13-62
activity#com.mobile.appPre.sms.SsbjActivity
ADDED from src\main\AndroidManifest.xml:99:3-102
	android:screenOrientation
		ADDED from src\main\AndroidManifest.xml:99:63-99
	android:name
		ADDED from src\main\AndroidManifest.xml:99:13-62
activity#com.mobile.appPre.sms.AboutActivity
ADDED from src\main\AndroidManifest.xml:100:3-103
	android:screenOrientation
		ADDED from src\main\AndroidManifest.xml:100:64-100
	android:name
		ADDED from src\main\AndroidManifest.xml:100:13-63
activity#com.mobile.appPre.sms.SystemstateActivity
ADDED from src\main\AndroidManifest.xml:101:3-109
	android:screenOrientation
		ADDED from src\main\AndroidManifest.xml:101:70-106
	android:name
		ADDED from src\main\AndroidManifest.xml:101:13-69
activity#com.mobile.appPre.AlermStationActivity
ADDED from src\main\AndroidManifest.xml:102:3-106
	android:screenOrientation
		ADDED from src\main\AndroidManifest.xml:102:67-103
	android:name
		ADDED from src\main\AndroidManifest.xml:102:13-66
activity#com.mobile.appPre.AlermStationEditActivity
ADDED from src\main\AndroidManifest.xml:103:3-110
	android:screenOrientation
		ADDED from src\main\AndroidManifest.xml:103:71-107
	android:name
		ADDED from src\main\AndroidManifest.xml:103:13-70
activity#com.mobile.appPre.AlermJiShiActivity
ADDED from src\main\AndroidManifest.xml:104:3-104
	android:screenOrientation
		ADDED from src\main\AndroidManifest.xml:104:65-101
	android:name
		ADDED from src\main\AndroidManifest.xml:104:13-64
activity#com.mobile.appPre.AlermDingShiActivity
ADDED from src\main\AndroidManifest.xml:105:3-106
	android:screenOrientation
		ADDED from src\main\AndroidManifest.xml:105:67-103
	android:name
		ADDED from src\main\AndroidManifest.xml:105:13-66
activity#com.mobile.appPre.AlermXiTongActivity
ADDED from src\main\AndroidManifest.xml:106:3-105
	android:screenOrientation
		ADDED from src\main\AndroidManifest.xml:106:66-102
	android:name
		ADDED from src\main\AndroidManifest.xml:106:13-65
activity#com.mobile.appPre.AlermJiWenActivity
ADDED from src\main\AndroidManifest.xml:107:3-104
	android:screenOrientation
		ADDED from src\main\AndroidManifest.xml:107:65-101
	android:name
		ADDED from src\main\AndroidManifest.xml:107:13-64
activity#com.mobile.appPre.Alerm_ShangXiaActivity
ADDED from src\main\AndroidManifest.xml:108:3-108
	android:screenOrientation
		ADDED from src\main\AndroidManifest.xml:108:69-105
	android:name
		ADDED from src\main\AndroidManifest.xml:108:13-68
activity#com.mobile.appPre.AlermAddStation
ADDED from src\main\AndroidManifest.xml:109:3-101
	android:screenOrientation
		ADDED from src\main\AndroidManifest.xml:109:62-98
	android:name
		ADDED from src\main\AndroidManifest.xml:109:13-61
activity#com.mobile.appPre.AlermAboutActivity
ADDED from src\main\AndroidManifest.xml:110:3-104
	android:screenOrientation
		ADDED from src\main\AndroidManifest.xml:110:65-101
	android:name
		ADDED from src\main\AndroidManifest.xml:110:13-64
activity#com.mobile.appPre.AlermStationUpdateActivity
ADDED from src\main\AndroidManifest.xml:111:3-112
	android:screenOrientation
		ADDED from src\main\AndroidManifest.xml:111:73-109
	android:name
		ADDED from src\main\AndroidManifest.xml:111:13-72
activity#com.mobile.appPre.AlermProvStationList
ADDED from src\main\AndroidManifest.xml:112:3-106
	android:screenOrientation
		ADDED from src\main\AndroidManifest.xml:112:67-103
	android:name
		ADDED from src\main\AndroidManifest.xml:112:13-66
activity#com.mobile.appPre.AlermGetPhoneList
ADDED from src\main\AndroidManifest.xml:113:3-103
	android:screenOrientation
		ADDED from src\main\AndroidManifest.xml:113:64-100
	android:name
		ADDED from src\main\AndroidManifest.xml:113:13-63
activity#com.mobile.appPre.AlermPhoneAddActivity
ADDED from src\main\AndroidManifest.xml:114:3-107
	android:screenOrientation
		ADDED from src\main\AndroidManifest.xml:114:68-104
	android:name
		ADDED from src\main\AndroidManifest.xml:114:13-67
activity#com.mobile.appPre.AlermJiWRuleListActivity
ADDED from src\main\AndroidManifest.xml:115:3-110
	android:screenOrientation
		ADDED from src\main\AndroidManifest.xml:115:71-107
	android:name
		ADDED from src\main\AndroidManifest.xml:115:13-70
activity#com.mobile.appPre.AlermMessageActivity
ADDED from src\main\AndroidManifest.xml:116:3-106
	android:screenOrientation
		ADDED from src\main\AndroidManifest.xml:116:67-103
	android:name
		ADDED from src\main\AndroidManifest.xml:116:13-66